<?xml version="1.0" encoding="UTF-8"?>
<!-- Generated by org.testng.reporters.JUnitXMLReporter -->
<testsuite hostname="Admin-PC" ignored="0" name="PrudentialTest" tests="10" failures="0" timestamp="02 Oct 2018 04:57:27 GMT" time="111.004" errors="0">
  <testcase name="launchApplication" time="18.436" classname="com.prudential.testcode.automation.TC001_LaunchValidation"/>
  <testcase name="launchApplication" time="19.243" classname="com.prudential.testcode.automation.TC002_InvalidSearch"/>
  <testcase name="launchApplication" time="13.7" classname="com.prudential.testcode.automation.TC003_ValidSearch"/>
  <testcase name="testSearchFunctionality" time="11.487" classname="com.prudential.testcode.automation.TC003_ValidSearch"/>
  <testcase name="launchApplication" time="8.352" classname="com.prudential.testcode.automation.TC004_CurrentLocation"/>
  <testcase name="launchApplication" time="7.047" classname="com.prudential.testcode.automation.TC005_WrongData"/>
  <testcase name="testSearchFunctionality" time="0.457" classname="com.prudential.testcode.automation.TC001_LaunchValidation"/>
  <testcase name="testSearchFunctionality" time="9.137" classname="com.prudential.testcode.automation.TC002_InvalidSearch"/>
  <testcase name="testCurrentLocationFunctionality" time="18.46" classname="com.prudential.testcode.automation.TC004_CurrentLocation"/>
  <testcase name="testWrongDataFunctionality" time="4.645" classname="com.prudential.testcode.automation.TC005_WrongData"/>
</testsuite> <!-- PrudentialTest -->
